<?xml version="1.0" encoding="UTF-8"?>
<!-- Generated by org.testng.reporters.JUnitXMLReporter -->
<testsuite hostname="SDHANAVA-L-1378" ignored="0" name="Default test" tests="3" failures="0" timestamp="02 Nov 2018 13:55:48 GMT" time="49.344" errors="0">
  <testcase name="extent" time="0.014" classname="com.appium.testcases.TestCase"/>
  <testcase name="verifyTitleoftheHomePage" time="0.139" classname="com.appium.testcases.TestCase"/>
  <testcase name="addcart" time="35.773" classname="com.appium.testcases.TestCase"/>
</testsuite> <!-- Default test -->
