<?xml version="1.0" encoding="UTF-8"?>
<!-- Generated by org.testng.reporters.JUnitXMLReporter -->
<testsuite hostname="SDHANAVA-L-1378" ignored="0" name="Test" tests="3" failures="0" timestamp="02 Nov 2018 16:56:25 GMT" time="41.378" errors="0">
  <testcase name="extent" time="0.013" classname="com.appium.testcases.TestCase"/>
  <testcase name="verifyTitleoftheHomePage" time="6.603" classname="com.appium.testcases.TestCase"/>
  <testcase name="addcart" time="30.261" classname="com.appium.testcases.TestCase"/>
</testsuite> <!-- Test -->
