<?xml version="1.0" encoding="UTF-8"?>
<!-- Generated by org.testng.reporters.JUnitXMLReporter -->
<testsuite hostname="SDHANAVA-L-1378" ignored="0" name="Test" tests="4" failures="0" timestamp="10 Nov 2018 17:04:33 GMT" time="60.321" errors="0">
  <testcase name="extent" time="0.025" classname="com.appium.testcases.TestCase"/>
  <testcase name="verifyTitleoftheHomePage" time="0.146" classname="com.appium.testcases.TestCase"/>
  <testcase name="addcart" time="32.832" classname="com.appium.testcases.TestCase"/>
  <testcase name="login" time="11.561" classname="com.appium.testcases.TestCase"/>
</testsuite> <!-- Test -->
