<?xml version="1.0" encoding="UTF-8"?>
<testng-results skipped="0" failed="0" ignored="0" total="3" passed="3">
  <reporter-output>
  </reporter-output>
  <suite name="Suite" duration-ms="41378" started-at="2018-11-02T16:55:43Z" finished-at="2018-11-02T16:56:25Z">
    <groups>
    </groups>
    <test name="Test" duration-ms="41378" started-at="2018-11-02T16:55:43Z" finished-at="2018-11-02T16:56:25Z">
      <class name="com.appium.testcases.TestCase">
        <test-method status="PASS" signature="init()[pri:0, instance:com.appium.testcases.TestCase@46d59067]" name="init" is-config="true" duration-ms="3929" started-at="2018-11-02T16:55:43Z" finished-at="2018-11-02T16:55:47Z">
          <reporter-output>
          </reporter-output>
        </test-method> <!-- init -->
        <test-method status="PASS" signature="extent()[pri:0, instance:com.appium.testcases.TestCase@46d59067]" name="extent" duration-ms="13" started-at="2018-11-02T16:55:47Z" finished-at="2018-11-02T16:55:47Z">
          <reporter-output>
          </reporter-output>
        </test-method> <!-- extent -->
        <test-method status="PASS" signature="verifyTitleoftheHomePage()[pri:1, instance:com.appium.testcases.TestCase@46d59067]" name="verifyTitleoftheHomePage" duration-ms="6603" started-at="2018-11-02T16:55:47Z" description="verify Title of the HomePage" finished-at="2018-11-02T16:55:54Z">
          <reporter-output>
          </reporter-output>
        </test-method> <!-- verifyTitleoftheHomePage -->
        <test-method status="PASS" signature="addcart()[pri:2, instance:com.appium.testcases.TestCase@46d59067]" name="addcart" duration-ms="30261" started-at="2018-11-02T16:55:54Z" description="Adding to the cart" finished-at="2018-11-02T16:56:24Z">
          <reporter-output>
          </reporter-output>
        </test-method> <!-- addcart -->
        <test-method status="PASS" signature="teardown()[pri:0, instance:com.appium.testcases.TestCase@46d59067]" name="teardown" is-config="true" duration-ms="530" started-at="2018-11-02T16:56:24Z" finished-at="2018-11-02T16:56:25Z">
          <reporter-output>
          </reporter-output>
        </test-method> <!-- teardown -->
      </class> <!-- com.appium.testcases.TestCase -->
    </test> <!-- Test -->
  </suite> <!-- Suite -->
</testng-results>
