<?xml version="1.0" encoding="UTF-8"?>
<testng-results skipped="0" failed="0" ignored="0" total="4" passed="4">
  <reporter-output>
  </reporter-output>
  <suite name="Suite" duration-ms="60321" started-at="2018-11-10T17:03:33Z" finished-at="2018-11-10T17:04:33Z">
    <groups>
    </groups>
    <test name="Test" duration-ms="60321" started-at="2018-11-10T17:03:33Z" finished-at="2018-11-10T17:04:33Z">
      <class name="com.appium.testcases.TestCase">
        <test-method status="PASS" signature="init()[pri:0, instance:com.appium.testcases.TestCase@46d59067]" name="init" is-config="true" duration-ms="15027" started-at="2018-11-10T17:03:33Z" finished-at="2018-11-10T17:03:48Z">
          <reporter-output>
          </reporter-output>
        </test-method> <!-- init -->
        <test-method status="PASS" signature="extent()[pri:0, instance:com.appium.testcases.TestCase@46d59067]" name="extent" duration-ms="25" started-at="2018-11-10T17:03:48Z" finished-at="2018-11-10T17:03:48Z">
          <reporter-output>
          </reporter-output>
        </test-method> <!-- extent -->
        <test-method status="PASS" signature="verifyTitleoftheHomePage()[pri:1, instance:com.appium.testcases.TestCase@46d59067]" name="verifyTitleoftheHomePage" duration-ms="146" started-at="2018-11-10T17:03:48Z" description="verify Title of the HomePage" finished-at="2018-11-10T17:03:48Z">
          <reporter-output>
          </reporter-output>
        </test-method> <!-- verifyTitleoftheHomePage -->
        <test-method status="PASS" signature="addcart()[pri:2, instance:com.appium.testcases.TestCase@46d59067]" name="addcart" duration-ms="32832" started-at="2018-11-10T17:03:48Z" description="Adding to the cart" finished-at="2018-11-10T17:04:21Z">
          <reporter-output>
          </reporter-output>
        </test-method> <!-- addcart -->
        <test-method status="PASS" signature="login()[pri:3, instance:com.appium.testcases.TestCase@46d59067]" name="login" duration-ms="11561" started-at="2018-11-10T17:04:21Z" description="Enter login details" finished-at="2018-11-10T17:04:33Z">
          <reporter-output>
          </reporter-output>
        </test-method> <!-- login -->
        <test-method status="PASS" signature="teardown()[pri:0, instance:com.appium.testcases.TestCase@46d59067]" name="teardown" is-config="true" duration-ms="668" started-at="2018-11-10T17:04:33Z" finished-at="2018-11-10T17:04:33Z">
          <reporter-output>
          </reporter-output>
        </test-method> <!-- teardown -->
      </class> <!-- com.appium.testcases.TestCase -->
    </test> <!-- Test -->
  </suite> <!-- Suite -->
</testng-results>
